0 verbose cli C:\nvm4w\nodejs\node.exe C:\nvm4w\nodejs\node_modules\npm\bin\npm-cli.js
1 info using npm@10.8.2
2 info using node@v20.19.0
3 silly config load:file:C:\Users\31181\AppData\Local\nvm\v20.19.0\node_modules\npm\npmrc
4 silly config load:file:C:\Users\31181\Desktop\OnlineExamSystem(1)\OnlineExamSystemVue\.npmrc
5 silly config load:file:C:\Users\31181\.npmrc
6 silly config load:file:C:\Users\31181\.npm-global\etc\npmrc
7 verbose title npm run dev
8 verbose argv "run" "dev"
9 verbose logfile logs-max:10 dir:C:\Users\31181\Desktop\OnlineExamSystem(1)\OnlineExamSystemVue\npm-cache\_logs\2026-06-12T11_39_58_047Z-
10 verbose logfile C:\Users\31181\Desktop\OnlineExamSystem(1)\OnlineExamSystemVue\npm-cache\_logs\2026-06-12T11_39_58_047Z-debug-0.log
11 silly logfile start cleaning logs, removing 3 files
12 silly logfile error removing log file C:\Users\31181\Desktop\OnlineExamSystem(1)\OnlineExamSystemVue\npm-cache\_logs\2026-06-12T08_58_55_528Z-debug-0.log [Error: EPERM: operation not permitted, lstat 'C:\Users\31181\Desktop\OnlineExamSystem(1)\OnlineExamSystemVue\npm-cache\_logs\2026-06-12T08_58_55_528Z-debug-0.log'] {
12 silly logfile   errno: -4048,
12 silly logfile   code: 'EPERM',
12 silly logfile   syscall: 'lstat',
12 silly logfile   path: 'C:\\Users\\31181\\Desktop\\OnlineExamSystem(1)\\OnlineExamSystemVue\\npm-cache\\_logs\\2026-06-12T08_58_55_528Z-debug-0.log'
12 silly logfile }
13 silly logfile error removing log file C:\Users\31181\Desktop\OnlineExamSystem(1)\OnlineExamSystemVue\npm-cache\_logs\2026-06-12T09_22_27_029Z-debug-0.log [Error: EPERM: operation not permitted, lstat 'C:\Users\31181\Desktop\OnlineExamSystem(1)\OnlineExamSystemVue\npm-cache\_logs\2026-06-12T09_22_27_029Z-debug-0.log'] {
13 silly logfile   errno: -4048,
13 silly logfile   code: 'EPERM',
13 silly logfile   syscall: 'lstat',
13 silly logfile   path: 'C:\\Users\\31181\\Desktop\\OnlineExamSystem(1)\\OnlineExamSystemVue\\npm-cache\\_logs\\2026-06-12T09_22_27_029Z-debug-0.log'
13 silly logfile }
14 silly logfile done cleaning log files
